15:40:20. 881 [main] DEBUG org.testng.TestNG - suiteXmlPath: "D:\ALL--Course\Sel24\OpencartV1.4\grouping.xml"
15:40:21. 398 [main] INFO  org.testng.internal.Utils - [TestNG] Running:
  D:\ALL--Course\Sel24\OpencartV1.4\grouping.xml

15:40:29. 393 [main] INFO  testCases.TC001_AccountRegistrationTest - ***** Starting  TC001_AccountRegistrationTest*****
15:40:29. 623 [main] INFO  testCases.TC001_AccountRegistrationTest - Clicked on MyAccount Link
15:40:31. 234 [main] INFO  testCases.TC001_AccountRegistrationTest - Clicked on Register Link
15:40:31. 237 [main] INFO  testCases.TC001_AccountRegistrationTest - Providing customer setails......
15:40:32. 850 [main] INFO  testCases.TC001_AccountRegistrationTest - Validating expected message..... 
15:40:32. 916 [main] INFO  testCases.TC001_AccountRegistrationTest - ***** Finished  TC001_AccountRegistrationTest*****
15:40:35. 658 [main] INFO  testCases.TC002_LoginTest - ********* Starting TC002_LoginTest*****;***8
15:40:37. 629 [main] INFO  testCases.TC002_LoginTest - ********* Finished TC002_LoginTest**************8
15:42:32. 617 [main] DEBUG org.testng.TestNG - suiteXmlPath: "D:\ALL--Course\Sel24\OpencartV1.4\grouping.xml"
15:42:33. 092 [main] INFO  org.testng.internal.Utils - [TestNG] Running:
  D:\ALL--Course\Sel24\OpencartV1.4\grouping.xml

15:42:36. 631 [main] INFO  testCases.TC001_AccountRegistrationTest - ***** Starting  TC001_AccountRegistrationTest*****
15:42:36. 886 [main] INFO  testCases.TC001_AccountRegistrationTest - Clicked on MyAccount Link
15:42:37. 347 [main] INFO  testCases.TC001_AccountRegistrationTest - Clicked on Register Link
15:42:37. 350 [main] INFO  testCases.TC001_AccountRegistrationTest - Providing customer setails......
15:42:39. 102 [main] INFO  testCases.TC001_AccountRegistrationTest - Validating expected message..... 
15:42:39. 176 [main] INFO  testCases.TC001_AccountRegistrationTest - ***** Finished  TC001_AccountRegistrationTest*****
15:42:43. 000 [main] INFO  testCases.TC002_LoginTest - ********* Starting TC002_LoginTest*****;***8
15:42:44. 634 [main] INFO  testCases.TC002_LoginTest - ********* Finished TC002_LoginTest**************8
15:44:53. 174 [main] DEBUG org.testng.TestNG - suiteXmlPath: "D:\ALL--Course\Sel24\OpencartV1.4\grouping.xml"
15:44:53. 802 [main] INFO  org.testng.internal.Utils - [TestNG] Running:
  D:\ALL--Course\Sel24\OpencartV1.4\grouping.xml

15:44:57. 391 [main] INFO  testCases.TC001_AccountRegistrationTest - ***** Starting  TC001_AccountRegistrationTest*****
15:44:57. 587 [main] INFO  testCases.TC001_AccountRegistrationTest - Clicked on MyAccount Link
15:44:57. 939 [main] INFO  testCases.TC001_AccountRegistrationTest - Clicked on Register Link
15:44:57. 941 [main] INFO  testCases.TC001_AccountRegistrationTest - Providing customer setails......
15:44:59. 811 [main] INFO  testCases.TC001_AccountRegistrationTest - Validating expected message..... 
15:44:59. 865 [main] INFO  testCases.TC001_AccountRegistrationTest - ***** Finished  TC001_AccountRegistrationTest*****
15:45:02. 452 [main] INFO  testCases.TC002_LoginTest - ********* Starting TC002_LoginTest*****;***8
15:45:04. 493 [main] INFO  testCases.TC002_LoginTest - ********* Finished TC002_LoginTest**************8
15:49:15. 547 [main] DEBUG org.testng.TestNG - suiteXmlPath: "D:\ALL--Course\Sel24\OpencartV1.4\grouping.xml"
15:49:16. 065 [main] INFO  org.testng.internal.Utils - [TestNG] Running:
  D:\ALL--Course\Sel24\OpencartV1.4\grouping.xml

15:49:19. 648 [main] INFO  testCases.TC001_AccountRegistrationTest - ***** Starting  TC001_AccountRegistrationTest*****
15:49:19. 895 [main] INFO  testCases.TC001_AccountRegistrationTest - Clicked on MyAccount Link
15:49:20. 273 [main] INFO  testCases.TC001_AccountRegistrationTest - Clicked on Register Link
15:49:20. 276 [main] INFO  testCases.TC001_AccountRegistrationTest - Providing customer setails......
15:49:21. 873 [main] INFO  testCases.TC001_AccountRegistrationTest - Validating expected message..... 
15:49:21. 982 [main] INFO  testCases.TC001_AccountRegistrationTest - ***** Finished  TC001_AccountRegistrationTest*****
15:49:24. 671 [main] INFO  testCases.TC002_LoginTest - ********* Starting TC002_LoginTest*****;***8
15:49:26. 714 [main] INFO  testCases.TC002_LoginTest - ********* Finished TC002_LoginTest**************8
15:56:34. 548 [main] DEBUG org.testng.TestNG - suiteXmlPath: "D:\ALL--Course\Sel24\OpencartV1.4\grouping.xml"
15:56:35. 071 [main] INFO  org.testng.internal.Utils - [TestNG] Running:
  D:\ALL--Course\Sel24\OpencartV1.4\grouping.xml

15:56:38. 963 [main] INFO  testCases.TC001_AccountRegistrationTest - ***** Starting  TC001_AccountRegistrationTest*****
15:56:39. 151 [main] INFO  testCases.TC001_AccountRegistrationTest - Clicked on MyAccount Link
15:56:39. 601 [main] INFO  testCases.TC001_AccountRegistrationTest - Clicked on Register Link
15:56:39. 604 [main] INFO  testCases.TC001_AccountRegistrationTest - Providing customer setails......
15:56:41. 304 [main] INFO  testCases.TC001_AccountRegistrationTest - Validating expected message..... 
15:56:41. 362 [main] INFO  testCases.TC001_AccountRegistrationTest - ***** Finished  TC001_AccountRegistrationTest*****
15:56:43. 870 [main] INFO  testCases.TC002_LoginTest - ********* Starting TC002_LoginTest*****;***8
15:56:45. 949 [main] INFO  testCases.TC002_LoginTest - ********* Finished TC002_LoginTest**************8
16:01:27. 261 [main] DEBUG org.testng.TestNG - suiteXmlPath: "D:\ALL--Course\Sel24\OpencartV1.4\grouping.xml"
16:01:27. 779 [main] INFO  org.testng.internal.Utils - [TestNG] Running:
  D:\ALL--Course\Sel24\OpencartV1.4\grouping.xml

16:01:31. 561 [main] INFO  testCases.TC001_AccountRegistrationTest - ***** Starting  TC001_AccountRegistrationTest*****
16:01:31. 796 [main] INFO  testCases.TC001_AccountRegistrationTest - Clicked on MyAccount Link
16:01:32. 179 [main] INFO  testCases.TC001_AccountRegistrationTest - Clicked on Register Link
16:01:32. 181 [main] INFO  testCases.TC001_AccountRegistrationTest - Providing customer setails......
16:01:33. 934 [main] INFO  testCases.TC001_AccountRegistrationTest - Validating expected message..... 
16:01:33. 998 [main] INFO  testCases.TC001_AccountRegistrationTest - ***** Finished  TC001_AccountRegistrationTest*****
16:01:36. 701 [main] INFO  testCases.TC002_LoginTest - ********* Starting TC002_LoginTest*****;***8
16:01:38. 673 [main] INFO  testCases.TC002_LoginTest - ********* Finished TC002_LoginTest**************8
16:04:39. 979 [main] DEBUG org.testng.TestNG - suiteXmlPath: "D:\ALL--Course\Sel24\OpencartV1.4\grouping.xml"
16:04:40. 515 [main] INFO  org.testng.internal.Utils - [TestNG] Running:
  D:\ALL--Course\Sel24\OpencartV1.4\grouping.xml

16:04:44. 952 [main] INFO  testCases.TC001_AccountRegistrationTest - ***** Starting  TC001_AccountRegistrationTest*****
16:04:45. 192 [main] INFO  testCases.TC001_AccountRegistrationTest - Clicked on MyAccount Link
16:04:45. 714 [main] INFO  testCases.TC001_AccountRegistrationTest - Clicked on Register Link
16:04:45. 719 [main] INFO  testCases.TC001_AccountRegistrationTest - Providing customer setails......
16:04:47. 801 [main] INFO  testCases.TC001_AccountRegistrationTest - Validating expected message..... 
16:04:47. 863 [main] INFO  testCases.TC001_AccountRegistrationTest - ***** Finished  TC001_AccountRegistrationTest*****
16:04:50. 699 [main] INFO  testCases.TC002_LoginTest - ********* Starting TC002_LoginTest*****;***8
16:04:53. 034 [main] INFO  testCases.TC002_LoginTest - ********* Finished TC002_LoginTest**************8
16:08:52. 222 [main] DEBUG org.testng.TestNG - suiteXmlPath: "D:\ALL--Course\Sel24\OpencartV1.4\grouping.xml"
16:08:52. 845 [main] INFO  org.testng.internal.Utils - [TestNG] Running:
  D:\ALL--Course\Sel24\OpencartV1.4\grouping.xml

16:08:56. 983 [main] INFO  testCases.TC001_AccountRegistrationTest - ***** Starting  TC001_AccountRegistrationTest*****
16:08:57. 197 [main] INFO  testCases.TC001_AccountRegistrationTest - Clicked on MyAccount Link
16:08:57. 835 [main] INFO  testCases.TC001_AccountRegistrationTest - Clicked on Register Link
16:08:57. 837 [main] INFO  testCases.TC001_AccountRegistrationTest - Providing customer setails......
16:09:00. 216 [main] INFO  testCases.TC001_AccountRegistrationTest - Validating expected message..... 
16:09:00. 277 [main] INFO  testCases.TC001_AccountRegistrationTest - ***** Finished  TC001_AccountRegistrationTest*****
16:09:03. 121 [main] INFO  testCases.TC002_LoginTest - ********* Starting TC002_LoginTest*****;***8
17:54:10. 422 [main] DEBUG org.testng.TestNG - suiteXmlPath: "D:\ALL--Course\Sel24\OpencartV1.4\grouping.xml"
17:54:10. 981 [main] INFO  org.testng.internal.Utils - [TestNG] Running:
  D:\ALL--Course\Sel24\OpencartV1.4\grouping.xml

17:54:25. 714 [main] INFO  testCases.TC001_AccountRegistrationTest - ***** Starting  TC001_AccountRegistrationTest*****
17:54:25. 896 [main] INFO  testCases.TC001_AccountRegistrationTest - Clicked on MyAccount Link
17:54:27. 389 [main] INFO  testCases.TC001_AccountRegistrationTest - Clicked on Register Link
17:54:27. 393 [main] INFO  testCases.TC001_AccountRegistrationTest - Providing customer setails......
17:54:29. 111 [main] INFO  testCases.TC001_AccountRegistrationTest - Validating expected message..... 
17:54:29. 179 [main] INFO  testCases.TC001_AccountRegistrationTest - ***** Finished  TC001_AccountRegistrationTest*****
17:54:31. 895 [main] INFO  testCases.TC002_LoginTest - ********* Starting TC002_LoginTest*****;***8
17:57:53. 206 [main] DEBUG org.testng.TestNG - suiteXmlPath: "D:\ALL--Course\Sel24\OpencartV1.4\grouping.xml"
17:57:53. 690 [main] INFO  org.testng.internal.Utils - [TestNG] Running:
  D:\ALL--Course\Sel24\OpencartV1.4\grouping.xml

17:57:57. 515 [main] INFO  testCases.TC001_AccountRegistrationTest - ***** Starting  TC001_AccountRegistrationTest*****
17:57:57. 688 [main] INFO  testCases.TC001_AccountRegistrationTest - Clicked on MyAccount Link
17:57:58. 047 [main] INFO  testCases.TC001_AccountRegistrationTest - Clicked on Register Link
17:57:58. 049 [main] INFO  testCases.TC001_AccountRegistrationTest - Providing customer setails......
17:57:59. 625 [main] INFO  testCases.TC001_AccountRegistrationTest - Validating expected message..... 
17:57:59. 687 [main] INFO  testCases.TC001_AccountRegistrationTest - ***** Finished  TC001_AccountRegistrationTest*****
17:58:02. 219 [main] INFO  testCases.TC002_LoginTest - ********* Starting TC002_LoginTest*****;***8
18:08:49. 842 [main] DEBUG org.testng.TestNG - suiteXmlPath: "D:\ALL--Course\Sel24\OpencartV1.4\grouping.xml"
18:08:50. 348 [main] INFO  org.testng.internal.Utils - [TestNG] Running:
  D:\ALL--Course\Sel24\OpencartV1.4\grouping.xml

18:08:54. 235 [main] INFO  testCases.TC001_AccountRegistrationTest - ***** Starting  TC001_AccountRegistrationTest*****
18:08:54. 425 [main] INFO  testCases.TC001_AccountRegistrationTest - Clicked on MyAccount Link
18:08:54. 826 [main] INFO  testCases.TC001_AccountRegistrationTest - Clicked on Register Link
18:08:54. 829 [main] INFO  testCases.TC001_AccountRegistrationTest - Providing customer setails......
18:08:56. 582 [main] INFO  testCases.TC001_AccountRegistrationTest - Validating expected message..... 
18:08:56. 643 [main] INFO  testCases.TC001_AccountRegistrationTest - ***** Finished  TC001_AccountRegistrationTest*****
18:08:59. 230 [main] INFO  testCases.TC002_LoginTest - ********* Starting TC002_LoginTest*****;***8
18:17:06. 190 [main] DEBUG org.testng.TestNG - suiteXmlPath: "D:\ALL--Course\Sel24\OpencartV1.4\grouping.xml"
18:17:06. 701 [main] INFO  org.testng.internal.Utils - [TestNG] Running:
  D:\ALL--Course\Sel24\OpencartV1.4\grouping.xml

18:17:10. 443 [main] INFO  testCases.TC001_AccountRegistrationTest - ***** Starting  TC001_AccountRegistrationTest*****
18:17:10. 656 [main] INFO  testCases.TC001_AccountRegistrationTest - Clicked on MyAccount Link
18:17:11. 017 [main] INFO  testCases.TC001_AccountRegistrationTest - Clicked on Register Link
18:17:11. 020 [main] INFO  testCases.TC001_AccountRegistrationTest - Providing customer setails......
18:17:12. 792 [main] INFO  testCases.TC001_AccountRegistrationTest - Validating expected message..... 
18:17:12. 869 [main] INFO  testCases.TC001_AccountRegistrationTest - ***** Finished  TC001_AccountRegistrationTest*****
18:17:15. 439 [main] INFO  testCases.TC002_LoginTest - ********* Starting TC002_LoginTest*****;***8
18:21:06. 653 [main] DEBUG org.testng.TestNG - suiteXmlPath: "D:\ALL--Course\Sel24\OpencartV1.4\grouping.xml"
18:21:07. 152 [main] INFO  org.testng.internal.Utils - [TestNG] Running:
  D:\ALL--Course\Sel24\OpencartV1.4\grouping.xml

18:21:10. 881 [main] INFO  testCases.TC001_AccountRegistrationTest - ***** Starting  TC001_AccountRegistrationTest*****
18:21:11. 145 [main] INFO  testCases.TC001_AccountRegistrationTest - Clicked on MyAccount Link
18:21:11. 787 [main] INFO  testCases.TC001_AccountRegistrationTest - Clicked on Register Link
18:21:11. 792 [main] INFO  testCases.TC001_AccountRegistrationTest - Providing customer setails......
18:21:13. 625 [main] INFO  testCases.TC001_AccountRegistrationTest - Validating expected message..... 
18:21:13. 683 [main] INFO  testCases.TC001_AccountRegistrationTest - ***** Finished  TC001_AccountRegistrationTest*****
18:21:16. 237 [main] INFO  testCases.TC002_LoginTest - ********* Starting TC002_LoginTest*****;***8
19:16:46. 043 [main] DEBUG org.testng.TestNG - suiteXmlPath: "D:\ALL--Course\Sel24\OpencartV1.4\master.xml"
19:16:46. 555 [main] INFO  org.testng.internal.Utils - [TestNG] Running:
  D:\ALL--Course\Sel24\OpencartV1.4\master.xml

19:16:50. 595 [main] INFO  testCases.TC001_AccountRegistrationTest - ***** Starting  TC001_AccountRegistrationTest*****
19:16:50. 796 [main] INFO  testCases.TC001_AccountRegistrationTest - Clicked on MyAccount Link
19:16:51. 174 [main] INFO  testCases.TC001_AccountRegistrationTest - Clicked on Register Link
19:16:51. 176 [main] INFO  testCases.TC001_AccountRegistrationTest - Providing customer setails......
19:16:52. 899 [main] INFO  testCases.TC001_AccountRegistrationTest - Validating expected message..... 
19:16:52. 975 [main] INFO  testCases.TC001_AccountRegistrationTest - ***** Finished  TC001_AccountRegistrationTest*****
19:16:56. 865 [main] INFO  testCases.TC002_LoginTest - ********* Starting TC002_LoginTest*****;***8
19:17:49. 571 [main] DEBUG org.testng.TestNG - suiteXmlPath: "D:\ALL--Course\Sel24\OpencartV1.4\test-output\testng-failed.xml"
19:17:50. 049 [main] INFO  org.testng.internal.Utils - [TestNG] Running:
  D:\ALL--Course\Sel24\OpencartV1.4\test-output\testng-failed.xml

19:17:53. 494 [main] INFO  testCases.TC002_LoginTest - ********* Starting TC002_LoginTest*****;***8
19:17:55. 219 [main] INFO  testCases.TC002_LoginTest - ********* Finished TC002_LoginTest**************8
19:44:01. 544 [main] DEBUG org.testng.TestNG - suiteXmlPath: "D:\ALL--Course\Sel24\OpencartV1.4\master.xml"
19:44:02. 077 [main] INFO  org.testng.internal.Utils - [TestNG] Running:
  D:\ALL--Course\Sel24\OpencartV1.4\master.xml

19:44:05. 733 [main] INFO  testCases.TC001_AccountRegistrationTest - ***** Starting  TC001_AccountRegistrationTest*****
19:44:05. 957 [main] INFO  testCases.TC001_AccountRegistrationTest - Clicked on MyAccount Link
19:44:06. 375 [main] INFO  testCases.TC001_AccountRegistrationTest - Clicked on Register Link
19:44:06. 377 [main] INFO  testCases.TC001_AccountRegistrationTest - Providing customer setails......
19:44:08. 073 [main] INFO  testCases.TC001_AccountRegistrationTest - Validating expected message..... 
19:44:08. 133 [main] ERROR testCases.TC001_AccountRegistrationTest - Test failed
19:44:08. 133 [main] DEBUG testCases.TC001_AccountRegistrationTest - Debug logs..
19:44:11. 151 [main] INFO  testCases.TC002_LoginTest - ********* Starting TC002_LoginTest*****;***8
19:44:13. 324 [main] INFO  testCases.TC002_LoginTest - ********* Finished TC002_LoginTest**************8
18:26:27. 902 [main] DEBUG org.testng.TestNG - suiteXmlPath: "D:\ALL--Course\Sel24\OpencartV1.4\master.xml"
18:26:28. 409 [main] INFO  org.testng.internal.Utils - [TestNG] Running:
  D:\ALL--Course\Sel24\OpencartV1.4\master.xml

18:26:33. 082 [main] INFO  testCases.TC001_AccountRegistrationTest - ***** Starting  TC001_AccountRegistrationTest*****
18:26:33. 335 [main] INFO  testCases.TC001_AccountRegistrationTest - Clicked on MyAccount Link
18:26:33. 730 [main] INFO  testCases.TC001_AccountRegistrationTest - Clicked on Register Link
18:26:33. 733 [main] INFO  testCases.TC001_AccountRegistrationTest - Providing customer setails......
18:26:35. 635 [main] INFO  testCases.TC001_AccountRegistrationTest - Validating expected message..... 
18:26:35. 710 [main] ERROR testCases.TC001_AccountRegistrationTest - Test failed
18:26:35. 710 [main] DEBUG testCases.TC001_AccountRegistrationTest - Debug logs..
18:26:38. 495 [main] INFO  testCases.TC002_LoginTest - ********* Starting TC002_LoginTest*****;***8
18:26:40. 627 [main] INFO  testCases.TC002_LoginTest - ********* Finished TC002_LoginTest**************8
18:27:20. 644 [main] DEBUG org.testng.TestNG - suiteXmlPath: "D:\ALL--Course\Sel24\OpencartV1.4\master.xml"
18:27:21. 180 [main] INFO  org.testng.internal.Utils - [TestNG] Running:
  D:\ALL--Course\Sel24\OpencartV1.4\master.xml

18:27:24. 645 [main] INFO  testCases.TC001_AccountRegistrationTest - ***** Starting  TC001_AccountRegistrationTest*****
18:27:24. 935 [main] INFO  testCases.TC001_AccountRegistrationTest - Clicked on MyAccount Link
18:27:25. 299 [main] INFO  testCases.TC001_AccountRegistrationTest - Clicked on Register Link
18:27:25. 302 [main] INFO  testCases.TC001_AccountRegistrationTest - Providing customer setails......
18:27:27. 148 [main] INFO  testCases.TC001_AccountRegistrationTest - Validating expected message..... 
18:27:27. 207 [main] INFO  testCases.TC001_AccountRegistrationTest - ***** Finished  TC001_AccountRegistrationTest*****
18:27:29. 773 [main] INFO  testCases.TC002_LoginTest - ********* Starting TC002_LoginTest*****;***8
18:27:31. 846 [main] INFO  testCases.TC002_LoginTest - ********* Finished TC002_LoginTest**************8
18:28:53. 904 [main] DEBUG org.testng.TestNG - suiteXmlPath: "D:\ALL--Course\Sel24\OpencartV1.4\master.xml"
18:28:54. 434 [main] INFO  org.testng.internal.Utils - [TestNG] Running:
  D:\ALL--Course\Sel24\OpencartV1.4\master.xml

18:32:46. 427 [main] DEBUG org.testng.TestNG - suiteXmlPath: "D:\ALL--Course\Sel24\OpencartV1.4\master.xml"
18:32:46. 934 [main] INFO  org.testng.internal.Utils - [TestNG] Running:
  D:\ALL--Course\Sel24\OpencartV1.4\master.xml

18:32:52. 178 [main] INFO  testCases.TC001_AccountRegistrationTest - ***** Starting  TC001_AccountRegistrationTest*****
18:32:52. 380 [main] INFO  testCases.TC001_AccountRegistrationTest - Clicked on MyAccount Link
18:32:52. 944 [main] INFO  testCases.TC001_AccountRegistrationTest - Clicked on Register Link
18:32:52. 947 [main] INFO  testCases.TC001_AccountRegistrationTest - Providing customer setails......
18:32:54. 860 [main] INFO  testCases.TC001_AccountRegistrationTest - Validating expected message..... 
18:32:54. 928 [main] INFO  testCases.TC001_AccountRegistrationTest - ***** Finished  TC001_AccountRegistrationTest*****
18:32:57. 578 [main] INFO  testCases.TC002_LoginTest - ********* Starting TC002_LoginTest*****;***8
18:32:59. 705 [main] INFO  testCases.TC002_LoginTest - ********* Finished TC002_LoginTest**************8
18:33:38. 840 [main] DEBUG org.testng.TestNG - suiteXmlPath: "D:\ALL--Course\Sel24\OpencartV1.4\master.xml"
18:33:39. 324 [main] INFO  org.testng.internal.Utils - [TestNG] Running:
  D:\ALL--Course\Sel24\OpencartV1.4\master.xml

18:33:42. 886 [main] INFO  testCases.TC001_AccountRegistrationTest - ***** Starting  TC001_AccountRegistrationTest*****
18:33:43. 165 [main] INFO  testCases.TC001_AccountRegistrationTest - Clicked on MyAccount Link
18:33:43. 652 [main] INFO  testCases.TC001_AccountRegistrationTest - Clicked on Register Link
18:33:43. 659 [main] INFO  testCases.TC001_AccountRegistrationTest - Providing customer setails......
18:33:45. 514 [main] INFO  testCases.TC001_AccountRegistrationTest - Validating expected message..... 
18:33:45. 575 [main] INFO  testCases.TC001_AccountRegistrationTest - ***** Finished  TC001_AccountRegistrationTest*****
18:33:48. 125 [main] INFO  testCases.TC002_LoginTest - ********* Starting TC002_LoginTest*****;***8
18:33:50. 273 [main] INFO  testCases.TC002_LoginTest - ********* Finished TC002_LoginTest**************8
18:34:55. 950 [main] DEBUG org.testng.TestNG - suiteXmlPath: "D:\ALL--Course\Sel24\OpencartV1.4\master.xml"
18:34:56. 423 [main] INFO  org.testng.internal.Utils - [TestNG] Running:
  D:\ALL--Course\Sel24\OpencartV1.4\master.xml

18:35:00. 038 [main] INFO  testCases.TC001_AccountRegistrationTest - ***** Starting  TC001_AccountRegistrationTest*****
18:35:00. 289 [main] INFO  testCases.TC001_AccountRegistrationTest - Clicked on MyAccount Link
18:35:00. 707 [main] INFO  testCases.TC001_AccountRegistrationTest - Clicked on Register Link
18:35:00. 710 [main] INFO  testCases.TC001_AccountRegistrationTest - Providing customer setails......
18:35:02. 892 [main] INFO  testCases.TC001_AccountRegistrationTest - Validating expected message..... 
18:35:02. 965 [main] INFO  testCases.TC001_AccountRegistrationTest - ***** Finished  TC001_AccountRegistrationTest*****
18:35:06. 266 [main] INFO  testCases.TC002_LoginTest - ********* Starting TC002_LoginTest*****;***8
18:35:08. 004 [main] INFO  testCases.TC002_LoginTest - ********* Finished TC002_LoginTest**************8
11:54:06. 475 [main] DEBUG org.testng.TestNG - suiteXmlPath: "D:\ALL--Course\Sel24\OpencartV1.4\crossBrowser.xml"
11:54:06. 956 [main] INFO  org.testng.internal.Utils - [TestNG] Running:
  D:\ALL--Course\Sel24\OpencartV1.4\crossBrowser.xml

11:56:06. 238 [main] DEBUG org.testng.TestNG - suiteXmlPath: "D:\ALL--Course\Sel24\OpencartV1.4\crossBrowser.xml"
11:56:06. 776 [main] INFO  org.testng.internal.Utils - [TestNG] Running:
  D:\ALL--Course\Sel24\OpencartV1.4\crossBrowser.xml

11:56:12. 179 [TestNG-tests-1] INFO  testCases.TC001_AccountRegistrationTest - ***** Starting  TC001_AccountRegistrationTest*****
11:56:12. 421 [TestNG-tests-1] INFO  testCases.TC001_AccountRegistrationTest - Clicked on MyAccount Link
11:56:12. 855 [TestNG-tests-1] INFO  testCases.TC001_AccountRegistrationTest - Clicked on Register Link
11:56:12. 859 [TestNG-tests-1] INFO  testCases.TC001_AccountRegistrationTest - Providing customer setails......
11:56:15. 229 [TestNG-tests-1] INFO  testCases.TC001_AccountRegistrationTest - Validating expected message..... 
11:56:15. 451 [TestNG-tests-1] INFO  testCases.TC001_AccountRegistrationTest - ***** Finished  TC001_AccountRegistrationTest*****
13:07:26. 751 [main] DEBUG org.testng.TestNG - suiteXmlPath: "D:\ALL--Course\Sel24\OpencartV1.4\crossBrowser.xml"
13:07:27. 288 [main] INFO  org.testng.internal.Utils - [TestNG] Running:
  D:\ALL--Course\Sel24\OpencartV1.4\crossBrowser.xml

13:07:27. 818 [TestNG-tests-3] INFO  testCases.TC001_AccountRegistrationTest - ***** Starting  TC001_AccountRegistrationTest*****
13:07:27. 885 [TestNG-tests-3] ERROR testCases.TC001_AccountRegistrationTest - Test failed
13:07:27. 886 [TestNG-tests-3] DEBUG testCases.TC001_AccountRegistrationTest - Debug logs..
13:07:33. 844 [TestNG-tests-2] INFO  testCases.TC001_AccountRegistrationTest - ***** Starting  TC001_AccountRegistrationTest*****
13:07:33. 870 [TestNG-tests-1] INFO  testCases.TC001_AccountRegistrationTest - ***** Starting  TC001_AccountRegistrationTest*****
13:07:34. 146 [TestNG-tests-2] INFO  testCases.TC001_AccountRegistrationTest - Clicked on MyAccount Link
13:07:34. 253 [TestNG-tests-1] INFO  testCases.TC001_AccountRegistrationTest - Clicked on MyAccount Link
13:07:44. 412 [TestNG-tests-2] ERROR testCases.TC001_AccountRegistrationTest - Test failed
13:07:44. 413 [TestNG-tests-2] DEBUG testCases.TC001_AccountRegistrationTest - Debug logs..
13:07:54. 483 [TestNG-tests-1] ERROR testCases.TC001_AccountRegistrationTest - Test failed
13:07:54. 484 [TestNG-tests-1] DEBUG testCases.TC001_AccountRegistrationTest - Debug logs..
13:21:02. 781 [main] DEBUG org.testng.TestNG - suiteXmlPath: "D:\ALL--Course\Sel24\OpencartV1.4\crossBrowser.xml"
13:21:03. 284 [main] INFO  org.testng.internal.Utils - [TestNG] Running:
  D:\ALL--Course\Sel24\OpencartV1.4\crossBrowser.xml

13:21:08. 534 [TestNG-tests-2] INFO  testCases.TC001_AccountRegistrationTest - ***** Starting  TC001_AccountRegistrationTest*****
13:21:08. 535 [TestNG-tests-1] INFO  testCases.TC001_AccountRegistrationTest - ***** Starting  TC001_AccountRegistrationTest*****
13:21:08. 836 [TestNG-tests-2] INFO  testCases.TC001_AccountRegistrationTest - Clicked on MyAccount Link
13:21:08. 982 [TestNG-tests-1] INFO  testCases.TC001_AccountRegistrationTest - Clicked on MyAccount Link
13:21:19. 039 [TestNG-tests-2] ERROR testCases.TC001_AccountRegistrationTest - Test failed
13:21:19. 039 [TestNG-tests-2] DEBUG testCases.TC001_AccountRegistrationTest - Debug logs..
13:21:29. 088 [TestNG-tests-1] ERROR testCases.TC001_AccountRegistrationTest - Test failed
13:21:29. 088 [TestNG-tests-1] DEBUG testCases.TC001_AccountRegistrationTest - Debug logs..
13:21:56. 641 [TestNG-tests-3] INFO  testCases.TC001_AccountRegistrationTest - ***** Starting  TC001_AccountRegistrationTest*****
13:21:57. 030 [TestNG-tests-3] INFO  testCases.TC001_AccountRegistrationTest - Clicked on MyAccount Link
13:21:57. 539 [TestNG-tests-3] INFO  testCases.TC001_AccountRegistrationTest - Clicked on Register Link
13:21:57. 544 [TestNG-tests-3] INFO  testCases.TC001_AccountRegistrationTest - Providing customer setails......
13:21:58. 731 [TestNG-tests-3] INFO  testCases.TC001_AccountRegistrationTest - Validating expected message..... 
13:21:58. 757 [TestNG-tests-3] INFO  testCases.TC001_AccountRegistrationTest - ***** Finished  TC001_AccountRegistrationTest*****
13:23:09. 452 [main] DEBUG org.testng.TestNG - suiteXmlPath: "D:\ALL--Course\Sel24\OpencartV1.4\crossBrowser.xml"
13:23:09. 963 [main] INFO  org.testng.internal.Utils - [TestNG] Running:
  D:\ALL--Course\Sel24\OpencartV1.4\crossBrowser.xml

13:23:15. 339 [TestNG-tests-2] INFO  testCases.TC001_AccountRegistrationTest - ***** Starting  TC001_AccountRegistrationTest*****
13:23:15. 340 [TestNG-tests-1] INFO  testCases.TC001_AccountRegistrationTest - ***** Starting  TC001_AccountRegistrationTest*****
13:23:15. 658 [TestNG-tests-1] INFO  testCases.TC001_AccountRegistrationTest - Clicked on MyAccount Link
13:23:15. 879 [TestNG-tests-2] INFO  testCases.TC001_AccountRegistrationTest - Clicked on MyAccount Link
13:23:21. 962 [TestNG-tests-3] INFO  testCases.TC001_AccountRegistrationTest - ***** Starting  TC001_AccountRegistrationTest*****
13:23:22. 294 [TestNG-tests-3] INFO  testCases.TC001_AccountRegistrationTest - Clicked on MyAccount Link
13:23:22. 785 [TestNG-tests-3] INFO  testCases.TC001_AccountRegistrationTest - Clicked on Register Link
13:23:22. 799 [TestNG-tests-3] INFO  testCases.TC001_AccountRegistrationTest - Providing customer setails......
13:23:24. 121 [TestNG-tests-3] INFO  testCases.TC001_AccountRegistrationTest - Validating expected message..... 
13:23:24. 164 [TestNG-tests-3] INFO  testCases.TC001_AccountRegistrationTest - ***** Finished  TC001_AccountRegistrationTest*****
13:23:26. 114 [TestNG-tests-1] ERROR testCases.TC001_AccountRegistrationTest - Test failed
13:23:26. 114 [TestNG-tests-1] DEBUG testCases.TC001_AccountRegistrationTest - Debug logs..
13:23:36. 166 [TestNG-tests-2] ERROR testCases.TC001_AccountRegistrationTest - Test failed
13:23:36. 166 [TestNG-tests-2] DEBUG testCases.TC001_AccountRegistrationTest - Debug logs..
15:39:23. 260 [main] DEBUG org.testng.TestNG - suiteXmlPath: "D:\ALL--Course\Sel24\OpencartV1.4\docker-grid.xml"
15:39:24. 158 [main] INFO  org.testng.internal.Utils - [TestNG] Running:
  D:\ALL--Course\Sel24\OpencartV1.4\docker-grid.xml

15:39:29. 845 [TestNG-tests-1] INFO  testCases.TC001_AccountRegistrationTest - ***** Starting  TC001_AccountRegistrationTest*****
15:39:30. 216 [TestNG-tests-1] INFO  testCases.TC001_AccountRegistrationTest - Clicked on MyAccount Link
15:39:30. 605 [TestNG-tests-1] INFO  testCases.TC001_AccountRegistrationTest - Clicked on Register Link
15:39:30. 608 [TestNG-tests-1] INFO  testCases.TC001_AccountRegistrationTest - Providing customer setails......
15:39:32. 303 [TestNG-tests-1] INFO  testCases.TC001_AccountRegistrationTest - Validating expected message..... 
15:39:32. 370 [TestNG-tests-1] INFO  testCases.TC001_AccountRegistrationTest - ***** Finished  TC001_AccountRegistrationTest*****
15:39:35. 000 [TestNG-tests-1] INFO  testCases.TC002_LoginTest - ********* Starting TC002_LoginTest*****;***8
15:39:37. 229 [TestNG-tests-1] INFO  testCases.TC002_LoginTest - ********* Finished TC002_LoginTest**************8
15:41:47. 520 [main] DEBUG org.testng.TestNG - suiteXmlPath: "D:\ALL--Course\Sel24\OpencartV1.4\docker-grid.xml"
15:41:48. 015 [main] INFO  org.testng.internal.Utils - [TestNG] Running:
  D:\ALL--Course\Sel24\OpencartV1.4\docker-grid.xml

15:41:51. 921 [TestNG-tests-1] INFO  testCases.TC001_AccountRegistrationTest - ***** Starting  TC001_AccountRegistrationTest*****
15:41:52. 250 [TestNG-tests-1] INFO  testCases.TC001_AccountRegistrationTest - Clicked on MyAccount Link
15:41:52. 860 [TestNG-tests-1] INFO  testCases.TC001_AccountRegistrationTest - Clicked on Register Link
15:41:52. 863 [TestNG-tests-1] INFO  testCases.TC001_AccountRegistrationTest - Providing customer setails......
15:41:54. 990 [TestNG-tests-1] INFO  testCases.TC001_AccountRegistrationTest - Validating expected message..... 
15:41:55. 143 [TestNG-tests-1] INFO  testCases.TC001_AccountRegistrationTest - ***** Finished  TC001_AccountRegistrationTest*****
15:41:57. 125 [TestNG-tests-1] INFO  testCases.TC002_LoginTest - ********* Starting TC002_LoginTest*****;***8
15:41:59. 081 [TestNG-tests-1] INFO  testCases.TC002_LoginTest - ********* Finished TC002_LoginTest**************8
15:43:11. 216 [main] DEBUG org.testng.TestNG - suiteXmlPath: "D:\ALL--Course\Sel24\OpencartV1.4\docker-grid.xml"
15:43:11. 757 [main] INFO  org.testng.internal.Utils - [TestNG] Running:
  D:\ALL--Course\Sel24\OpencartV1.4\docker-grid.xml

15:43:19. 712 [TestNG-tests-1] INFO  testCases.TC001_AccountRegistrationTest - ***** Starting  TC001_AccountRegistrationTest*****
15:43:20. 069 [TestNG-tests-1] INFO  testCases.TC001_AccountRegistrationTest - Clicked on MyAccount Link
15:43:20. 500 [TestNG-tests-1] INFO  testCases.TC001_AccountRegistrationTest - Clicked on Register Link
15:43:20. 504 [TestNG-tests-1] INFO  testCases.TC001_AccountRegistrationTest - Providing customer setails......
15:43:21. 954 [TestNG-tests-1] INFO  testCases.TC001_AccountRegistrationTest - Validating expected message..... 
15:43:22. 038 [TestNG-tests-1] INFO  testCases.TC001_AccountRegistrationTest - ***** Finished  TC001_AccountRegistrationTest*****
15:43:54. 378 [TestNG-tests-1] INFO  testCases.TC002_LoginTest - ********* Starting TC002_LoginTest*****;***8
15:43:56. 090 [TestNG-tests-1] INFO  testCases.TC002_LoginTest - ********* Finished TC002_LoginTest**************8
15:20:13. 244 [main] DEBUG org.testng.TestNG - suiteXmlPath: "D:\ALL--Course\Sel24\OpencartV1.4\master.xml"
15:21:10. 416 [main] DEBUG org.testng.TestNG - suiteXmlPath: "D:\ALL--Course\Sel24\OpencartV1.4\master.xml"
15:21:15. 375 [main] INFO  testCases.TC001_AccountRegistrationTest - ***** Starting  TC001_AccountRegistrationTest*****
15:21:15. 679 [main] INFO  testCases.TC001_AccountRegistrationTest - Clicked on MyAccount Link
15:21:16. 183 [main] INFO  testCases.TC001_AccountRegistrationTest - Clicked on Register Link
15:21:16. 186 [main] INFO  testCases.TC001_AccountRegistrationTest - Providing customer setails......
15:21:17. 960 [main] INFO  testCases.TC001_AccountRegistrationTest - Validating expected message..... 
15:21:18. 027 [main] INFO  testCases.TC001_AccountRegistrationTest - ***** Finished  TC001_AccountRegistrationTest*****
15:21:20. 569 [main] INFO  testCases.TC002_LoginTest - ********* Starting TC002_LoginTest*****;***8
15:21:22. 974 [main] INFO  testCases.TC002_LoginTest - ********* Finished TC002_LoginTest**************8
16:02:12. 678 [main] DEBUG org.testng.TestNG - suiteXmlPath: "D:\ALL--Course\Sel24\OpencartV1.4\master.xml"
16:02:20. 330 [main] INFO  testCases.TC001_AccountRegistrationTest - ***** Starting  TC001_AccountRegistrationTest*****
16:02:20. 532 [main] INFO  testCases.TC001_AccountRegistrationTest - Clicked on MyAccount Link
16:02:21. 101 [main] INFO  testCases.TC001_AccountRegistrationTest - Clicked on Register Link
16:02:21. 104 [main] INFO  testCases.TC001_AccountRegistrationTest - Providing customer setails......
16:02:23. 027 [main] INFO  testCases.TC001_AccountRegistrationTest - Validating expected message..... 
16:02:23. 101 [main] INFO  testCases.TC001_AccountRegistrationTest - ***** Finished  TC001_AccountRegistrationTest*****
16:02:25. 843 [main] INFO  testCases.TC002_LoginTest - ********* Starting TC002_LoginTest*****;***8
16:02:27. 808 [main] INFO  testCases.TC002_LoginTest - ********* Finished TC002_LoginTest**************8
16:24:00. 040 [main] DEBUG org.testng.TestNG - suiteXmlPath: "D:\ALL--Course\Sel24\OpencartV1.4\master.xml"
16:24:04. 754 [main] INFO  testCases.TC001_AccountRegistrationTest - ***** Starting  TC001_AccountRegistrationTest*****
16:24:05. 059 [main] INFO  testCases.TC001_AccountRegistrationTest - Clicked on MyAccount Link
16:24:05. 471 [main] INFO  testCases.TC001_AccountRegistrationTest - Clicked on Register Link
16:24:05. 477 [main] INFO  testCases.TC001_AccountRegistrationTest - Providing customer setails......
16:24:07. 325 [main] INFO  testCases.TC001_AccountRegistrationTest - Validating expected message..... 
16:24:07. 436 [main] INFO  testCases.TC001_AccountRegistrationTest - ***** Finished  TC001_AccountRegistrationTest*****
16:24:10. 018 [main] INFO  testCases.TC002_LoginTest - ********* Starting TC002_LoginTest*****;***8
16:24:12. 065 [main] INFO  testCases.TC002_LoginTest - ********* Finished TC002_LoginTest**************8
